<?xml version="1.0" encoding="UTF-8"?>
<testsuite xmlns:xsi="http://www.w3.org/2001/XMLSchema-instance" xsi:noNamespaceSchemaLocation="https://maven.apache.org/surefire/maven-surefire-plugin/xsd/surefire-test-report.xsd" version="3.0.2" name="com.unibuc.bookmanagement.unit_tests.endpoints.UserControllerTest" time="0.765" tests="3" errors="0" skipped="0" failures="3">
  <properties>
[...]
</properties>
  <testcase name="testGetUserById_NotFound" classname="com.unibuc.bookmanagement.unit_tests.endpoints.UserControllerTest" time="0.029">
    <failure message="Status expected:&lt;404&gt; but was:&lt;401&gt;" type="java.lang.AssertionError"><![CDATA[java.lang.AssertionError: Status expected:<404> but was:<401>
	at org.springframework.test.util.AssertionErrors.fail(AssertionErrors.java:61)
	at org.springframework.test.util.AssertionErrors.assertEquals(AssertionErrors.java:128)
	at org.springframework.test.web.servlet.result.StatusResultMatchers.lambda$matcher$9(StatusResultMatchers.java:640)
	at org.springframework.test.web.servlet.MockMvc$1.andExpect(MockMvc.java:214)
	at com.unibuc.bookmanagement.unit_tests.endpoints.UserControllerTest.testGetUserById_NotFound(UserControllerTest.java:53)
	at java.base/java.lang.reflect.Method.invoke(Method.java:568)
	at java.base/java.util.ArrayList.forEach(ArrayList.java:1511)
	at java.base/java.util.ArrayList.forEach(ArrayList.java:1511)
]]></failure>
    <system-out><![CDATA[2025-05-06T11:30:02.372+03:00  INFO 15692 --- [bookmanagement] [           main] t.c.s.AnnotationConfigContextLoaderUtils : Could not detect default configuration classes for test class [com.unibuc.bookmanagement.unit_tests.endpoints.UserControllerTest]: UserControllerTest does not declare any static, non-private, non-final, nested classes annotated with @Configuration.
2025-05-06T11:30:02.406+03:00  INFO 15692 --- [bookmanagement] [           main] .b.t.c.SpringBootTestContextBootstrapper : Found @SpringBootConfiguration com.unibuc.bookmanagement.BookmanagementApplication for test class com.unibuc.bookmanagement.unit_tests.endpoints.UserControllerTest

  .   ____          _            __ _ _
 /\\ / ___'_ __ _ _(_)_ __  __ _ \ \ \ \
( ( )\___ | '_ | '_| | '_ \/ _` | \ \ \ \
 \\/  ___)| |_)| | | | | || (_| |  ) ) ) )
  '  |____| .__|_| |_|_| |_\__, | / / / /
 =========|_|==============|___/=/_/_/_/

 :: Spring Boot ::                (v3.4.0)

2025-05-06T11:30:02.469+03:00  INFO 15692 --- [bookmanagement] [           main] c.u.b.u.endpoints.UserControllerTest     : Starting UserControllerTest using Java 17.0.14 with PID 15692 (started by Ana in C:\Users\Ana\Desktop\awbd\BookManagement\bookmanagement\bookmanagement)
2025-05-06T11:30:02.469+03:00  INFO 15692 --- [bookmanagement] [           main] c.u.b.u.endpoints.UserControllerTest     : No active profile set, falling back to 1 default profile: "default"
2025-05-06T11:30:03.026+03:00  WARN 15692 --- [bookmanagement] [           main] .s.s.UserDetailsServiceAutoConfiguration : 

Using generated security password: a9f017c8-6245-4b6e-9aa2-b59ec8cfc38e

This generated password is for development use only. Your security configuration must be updated before running your application in production.

2025-05-06T11:30:03.028+03:00  INFO 15692 --- [bookmanagement] [           main] r$InitializeUserDetailsManagerConfigurer : Global AuthenticationManager configured with UserDetailsService bean with name inMemoryUserDetailsManager
2025-05-06T11:30:03.044+03:00 DEBUG 15692 --- [bookmanagement] [           main] o.s.s.web.DefaultSecurityFilterChain     : Will secure any request with filters: DisableEncodeUrlFilter, WebAsyncManagerIntegrationFilter, SecurityContextHolderFilter, HeaderWriterFilter, CsrfFilter, LogoutFilter, UsernamePasswordAuthenticationFilter, DefaultResourcesFilter, DefaultLoginPageGeneratingFilter, DefaultLogoutPageGeneratingFilter, BasicAuthenticationFilter, RequestCacheAwareFilter, SecurityContextHolderAwareRequestFilter, AnonymousAuthenticationFilter, ExceptionTranslationFilter, AuthorizationFilter
2025-05-06T11:30:03.054+03:00  INFO 15692 --- [bookmanagement] [           main] o.s.b.t.m.w.SpringBootMockServletContext : Initializing Spring TestDispatcherServlet ''
2025-05-06T11:30:03.054+03:00  INFO 15692 --- [bookmanagement] [           main] o.s.t.web.servlet.TestDispatcherServlet  : Initializing Servlet ''
2025-05-06T11:30:03.055+03:00  INFO 15692 --- [bookmanagement] [           main] o.s.t.web.servlet.TestDispatcherServlet  : Completed initialization in 1 ms
2025-05-06T11:30:03.065+03:00  INFO 15692 --- [bookmanagement] [           main] c.u.b.u.endpoints.UserControllerTest     : Started UserControllerTest in 0.653 seconds (process running for 20.892)
2025-05-06T11:30:03.086+03:00 DEBUG 15692 --- [bookmanagement] [           main] o.s.security.web.FilterChainProxy        : Securing GET /api/users/1
2025-05-06T11:30:03.087+03:00 DEBUG 15692 --- [bookmanagement] [           main] o.s.s.w.a.AnonymousAuthenticationFilter  : Set SecurityContextHolder to anonymous SecurityContext
2025-05-06T11:30:03.088+03:00 DEBUG 15692 --- [bookmanagement] [           main] o.s.s.w.s.HttpSessionRequestCache        : Saved request http://localhost/api/users/1?continue to session
2025-05-06T11:30:03.089+03:00 DEBUG 15692 --- [bookmanagement] [           main] s.w.a.DelegatingAuthenticationEntryPoint : Trying to match using And [Not [RequestHeaderRequestMatcher [expectedHeaderName=X-Requested-With, expectedHeaderValue=XMLHttpRequest]], MediaTypeRequestMatcher [contentNegotiationStrategy=org.springframework.web.accept.ContentNegotiationManager@4c89b58, matchingMediaTypes=[application/xhtml+xml, image/*, text/html, text/plain], useEquals=false, ignoredMediaTypes=[*/*]]]
2025-05-06T11:30:03.089+03:00 DEBUG 15692 --- [bookmanagement] [           main] s.w.a.DelegatingAuthenticationEntryPoint : Trying to match using Or [RequestHeaderRequestMatcher [expectedHeaderName=X-Requested-With, expectedHeaderValue=XMLHttpRequest], And [Not [MediaTypeRequestMatcher [contentNegotiationStrategy=org.springframework.web.accept.ContentNegotiationManager@4c89b58, matchingMediaTypes=[text/html], useEquals=false, ignoredMediaTypes=[]]], MediaTypeRequestMatcher [contentNegotiationStrategy=org.springframework.web.accept.ContentNegotiationManager@4c89b58, matchingMediaTypes=[application/atom+xml, application/x-www-form-urlencoded, application/json, application/octet-stream, application/xml, multipart/form-data, text/xml], useEquals=false, ignoredMediaTypes=[*/*]]], MediaTypeRequestMatcher [contentNegotiationStrategy=org.springframework.web.accept.ContentNegotiationManager@4c89b58, matchingMediaTypes=[*/*], useEquals=true, ignoredMediaTypes=[]]]
2025-05-06T11:30:03.089+03:00 DEBUG 15692 --- [bookmanagement] [           main] s.w.a.DelegatingAuthenticationEntryPoint : Match found! Executing org.springframework.security.web.authentication.DelegatingAuthenticationEntryPoint@7481775c
2025-05-06T11:30:03.090+03:00 DEBUG 15692 --- [bookmanagement] [           main] s.w.a.DelegatingAuthenticationEntryPoint : Trying to match using RequestHeaderRequestMatcher [expectedHeaderName=X-Requested-With, expectedHeaderValue=XMLHttpRequest]
2025-05-06T11:30:03.090+03:00 DEBUG 15692 --- [bookmanagement] [           main] s.w.a.DelegatingAuthenticationEntryPoint : No match found. Using default entry point org.springframework.security.web.authentication.www.BasicAuthenticationEntryPoint@71962018

MockHttpServletRequest:
      HTTP Method = GET
      Request URI = /api/users/1
       Parameters = {}
          Headers = []
             Body = null
    Session Attrs = {SPRING_SECURITY_SAVED_REQUEST=DefaultSavedRequest [http://localhost/api/users/1?continue]}

Handler:
             Type = null

Async:
    Async started = false
     Async result = null

Resolved Exception:
             Type = null

ModelAndView:
        View name = null
             View = null
            Model = null

FlashMap:
       Attributes = null

MockHttpServletResponse:
           Status = 401
    Error message = Unauthorized
          Headers = [WWW-Authenticate:"Basic realm="Realm"", X-Content-Type-Options:"nosniff", X-XSS-Protection:"0", Cache-Control:"no-cache, no-store, max-age=0, must-revalidate", Pragma:"no-cache", Expires:"0", X-Frame-Options:"DENY"]
     Content type = null
             Body = 
    Forwarded URL = null
   Redirected URL = null
          Cookies = []
]]></system-out>
  </testcase>
  <testcase name="testDeleteUser" classname="com.unibuc.bookmanagement.unit_tests.endpoints.UserControllerTest" time="0.014">
    <failure message="Status expected:&lt;200&gt; but was:&lt;403&gt;" type="java.lang.AssertionError"><![CDATA[java.lang.AssertionError: Status expected:<200> but was:<403>
	at org.springframework.test.util.AssertionErrors.fail(AssertionErrors.java:61)
	at org.springframework.test.util.AssertionErrors.assertEquals(AssertionErrors.java:128)
	at org.springframework.test.web.servlet.result.StatusResultMatchers.lambda$matcher$9(StatusResultMatchers.java:640)
	at org.springframework.test.web.servlet.MockMvc$1.andExpect(MockMvc.java:214)
	at com.unibuc.bookmanagement.unit_tests.endpoints.UserControllerTest.testDeleteUser(UserControllerTest.java:63)
	at java.base/java.lang.reflect.Method.invoke(Method.java:568)
	at java.base/java.util.ArrayList.forEach(ArrayList.java:1511)
	at java.base/java.util.ArrayList.forEach(ArrayList.java:1511)
]]></failure>
    <system-out><![CDATA[2025-05-06T11:30:03.104+03:00 DEBUG 15692 --- [bookmanagement] [           main] o.s.security.web.FilterChainProxy        : Securing DELETE /api/users/1
2025-05-06T11:30:03.105+03:00 DEBUG 15692 --- [bookmanagement] [           main] o.s.security.web.csrf.CsrfFilter         : Invalid CSRF token found for http://localhost/api/users/1
2025-05-06T11:30:03.106+03:00 DEBUG 15692 --- [bookmanagement] [           main] o.s.s.w.access.AccessDeniedHandlerImpl   : Responding with 403 status code

MockHttpServletRequest:
      HTTP Method = DELETE
      Request URI = /api/users/1
       Parameters = {}
          Headers = []
             Body = null
    Session Attrs = {org.springframework.security.web.csrf.HttpSessionCsrfTokenRepository.CSRF_TOKEN=org.springframework.security.web.csrf.DefaultCsrfToken@34a7decd}

Handler:
             Type = null

Async:
    Async started = false
     Async result = null

Resolved Exception:
             Type = null

ModelAndView:
        View name = null
             View = null
            Model = null

FlashMap:
       Attributes = null

MockHttpServletResponse:
           Status = 403
    Error message = Forbidden
          Headers = [X-Content-Type-Options:"nosniff", X-XSS-Protection:"0", Cache-Control:"no-cache, no-store, max-age=0, must-revalidate", Pragma:"no-cache", Expires:"0", X-Frame-Options:"DENY"]
     Content type = null
             Body = 
    Forwarded URL = null
   Redirected URL = null
          Cookies = []
]]></system-out>
  </testcase>
  <testcase name="testGetUserById" classname="com.unibuc.bookmanagement.unit_tests.endpoints.UserControllerTest" time="0.014">
    <failure message="Status expected:&lt;200&gt; but was:&lt;401&gt;" type="java.lang.AssertionError"><![CDATA[java.lang.AssertionError: Status expected:<200> but was:<401>
	at org.springframework.test.util.AssertionErrors.fail(AssertionErrors.java:61)
	at org.springframework.test.util.AssertionErrors.assertEquals(AssertionErrors.java:128)
	at org.springframework.test.web.servlet.result.StatusResultMatchers.lambda$matcher$9(StatusResultMatchers.java:640)
	at org.springframework.test.web.servlet.MockMvc$1.andExpect(MockMvc.java:214)
	at com.unibuc.bookmanagement.unit_tests.endpoints.UserControllerTest.testGetUserById(UserControllerTest.java:41)
	at java.base/java.lang.reflect.Method.invoke(Method.java:568)
	at java.base/java.util.ArrayList.forEach(ArrayList.java:1511)
	at java.base/java.util.ArrayList.forEach(ArrayList.java:1511)
]]></failure>
    <system-out><![CDATA[2025-05-06T11:30:03.120+03:00 DEBUG 15692 --- [bookmanagement] [           main] o.s.security.web.FilterChainProxy        : Securing GET /api/users/1
2025-05-06T11:30:03.121+03:00 DEBUG 15692 --- [bookmanagement] [           main] o.s.s.w.a.AnonymousAuthenticationFilter  : Set SecurityContextHolder to anonymous SecurityContext
2025-05-06T11:30:03.122+03:00 DEBUG 15692 --- [bookmanagement] [           main] o.s.s.w.s.HttpSessionRequestCache        : Saved request http://localhost/api/users/1?continue to session
2025-05-06T11:30:03.122+03:00 DEBUG 15692 --- [bookmanagement] [           main] s.w.a.DelegatingAuthenticationEntryPoint : Trying to match using And [Not [RequestHeaderRequestMatcher [expectedHeaderName=X-Requested-With, expectedHeaderValue=XMLHttpRequest]], MediaTypeRequestMatcher [contentNegotiationStrategy=org.springframework.web.accept.ContentNegotiationManager@4c89b58, matchingMediaTypes=[application/xhtml+xml, image/*, text/html, text/plain], useEquals=false, ignoredMediaTypes=[*/*]]]
2025-05-06T11:30:03.122+03:00 DEBUG 15692 --- [bookmanagement] [           main] s.w.a.DelegatingAuthenticationEntryPoint : Trying to match using Or [RequestHeaderRequestMatcher [expectedHeaderName=X-Requested-With, expectedHeaderValue=XMLHttpRequest], And [Not [MediaTypeRequestMatcher [contentNegotiationStrategy=org.springframework.web.accept.ContentNegotiationManager@4c89b58, matchingMediaTypes=[text/html], useEquals=false, ignoredMediaTypes=[]]], MediaTypeRequestMatcher [contentNegotiationStrategy=org.springframework.web.accept.ContentNegotiationManager@4c89b58, matchingMediaTypes=[application/atom+xml, application/x-www-form-urlencoded, application/json, application/octet-stream, application/xml, multipart/form-data, text/xml], useEquals=false, ignoredMediaTypes=[*/*]]], MediaTypeRequestMatcher [contentNegotiationStrategy=org.springframework.web.accept.ContentNegotiationManager@4c89b58, matchingMediaTypes=[*/*], useEquals=true, ignoredMediaTypes=[]]]
2025-05-06T11:30:03.123+03:00 DEBUG 15692 --- [bookmanagement] [           main] s.w.a.DelegatingAuthenticationEntryPoint : Match found! Executing org.springframework.security.web.authentication.DelegatingAuthenticationEntryPoint@7481775c
2025-05-06T11:30:03.123+03:00 DEBUG 15692 --- [bookmanagement] [           main] s.w.a.DelegatingAuthenticationEntryPoint : Trying to match using RequestHeaderRequestMatcher [expectedHeaderName=X-Requested-With, expectedHeaderValue=XMLHttpRequest]
2025-05-06T11:30:03.123+03:00 DEBUG 15692 --- [bookmanagement] [           main] s.w.a.DelegatingAuthenticationEntryPoint : No match found. Using default entry point org.springframework.security.web.authentication.www.BasicAuthenticationEntryPoint@71962018

MockHttpServletRequest:
      HTTP Method = GET
      Request URI = /api/users/1
       Parameters = {}
          Headers = []
             Body = null
    Session Attrs = {SPRING_SECURITY_SAVED_REQUEST=DefaultSavedRequest [http://localhost/api/users/1?continue]}

Handler:
             Type = null

Async:
    Async started = false
     Async result = null

Resolved Exception:
             Type = null

ModelAndView:
        View name = null
             View = null
            Model = null

FlashMap:
       Attributes = null

MockHttpServletResponse:
           Status = 401
    Error message = Unauthorized
          Headers = [WWW-Authenticate:"Basic realm="Realm"", X-Content-Type-Options:"nosniff", X-XSS-Protection:"0", Cache-Control:"no-cache, no-store, max-age=0, must-revalidate", Pragma:"no-cache", Expires:"0", X-Frame-Options:"DENY"]
     Content type = null
             Body = 
    Forwarded URL = null
   Redirected URL = null
          Cookies = []
]]></system-out>
  </testcase>
</testsuite>