-------------------------------------------------------------------------------
Test set: com.unibuc.bookmanagement.unit_tests.endpoints.UserControllerTest
-------------------------------------------------------------------------------
Tests run: 4, Failures: 1, Errors: 0, Skipped: 0, Time elapsed: 1.130 s <<< FAILURE! -- in com.unibuc.bookmanagement.unit_tests.endpoints.UserControllerTest
com.unibuc.bookmanagement.unit_tests.endpoints.UserControllerTest.testCreateUser -- Time elapsed: 0.117 s <<< FAILURE!
java.lang.AssertionError: Status expected:<200> but was:<400>
	at org.springframework.test.util.AssertionErrors.fail(AssertionErrors.java:61)
	at org.springframework.test.util.AssertionErrors.assertEquals(AssertionErrors.java:128)
	at org.springframework.test.web.servlet.result.StatusResultMatchers.lambda$matcher$9(StatusResultMatchers.java:640)
	at org.springframework.test.web.servlet.MockMvc$1.andExpect(MockMvc.java:214)
	at com.unibuc.bookmanagement.unit_tests.endpoints.UserControllerTest.testCreateUser(UserControllerTest.java:43)
	at java.base/java.lang.reflect.Method.invoke(Method.java:580)
	at java.base/java.util.ArrayList.forEach(ArrayList.java:1596)
	at java.base/java.util.ArrayList.forEach(ArrayList.java:1596)

