<?xml version="1.0" encoding="UTF-8"?>
<testsuite xmlns:xsi="http://www.w3.org/2001/XMLSchema-instance" xsi:noNamespaceSchemaLocation="https://maven.apache.org/surefire/maven-surefire-plugin/xsd/surefire-test-report.xsd" version="3.0.2" name="com.unibuc.bookmanagement.BookmanagementApplicationTests" time="4.693" tests="1" errors="0" skipped="0" failures="0">
  <properties>
[...]
</properties>
  <testcase name="contextLoads" classname="com.unibuc.bookmanagement.BookmanagementApplicationTests" time="0.384">
    <system-out><![CDATA[14:19:54.622 [main] INFO org.springframework.test.context.support.AnnotationConfigContextLoaderUtils -- Could not detect default configuration classes for test class [com.unibuc.bookmanagement.BookmanagementApplicationTests]: BookmanagementApplicationTests does not declare any static, non-private, non-final, nested classes annotated with @Configuration.
14:19:54.714 [main] INFO org.springframework.boot.test.context.SpringBootTestContextBootstrapper -- Found @SpringBootConfiguration com.unibuc.bookmanagement.BookmanagementApplication for test class com.unibuc.bookmanagement.BookmanagementApplicationTests

  .   ____          _            __ _ _
 /\\ / ___'_ __ _ _(_)_ __  __ _ \ \ \ \
( ( )\___ | '_ | '_| | '_ \/ _` | \ \ \ \
 \\/  ___)| |_)| | | | | || (_| |  ) ) ) )
  '  |____| .__|_| |_|_| |_\__, | / / / /
 =========|_|==============|___/=/_/_/_/

 :: Spring Boot ::                (v3.4.0)

2025-01-06T14:19:55.059+02:00  INFO 13992 --- [bookmanagement] [           main] c.u.b.BookmanagementApplicationTests     : Starting BookmanagementApplicationTests using Java 21.0.4 with PID 13992 (started by Ana in C:\Users\Ana\Desktop\BookManagement\bookmanagement\bookmanagement)
2025-01-06T14:19:55.060+02:00  INFO 13992 --- [bookmanagement] [           main] c.u.b.BookmanagementApplicationTests     : No active profile set, falling back to 1 default profile: "default"
2025-01-06T14:19:55.633+02:00  INFO 13992 --- [bookmanagement] [           main] .s.d.r.c.RepositoryConfigurationDelegate : Bootstrapping Spring Data JPA repositories in DEFAULT mode.
2025-01-06T14:19:55.711+02:00  INFO 13992 --- [bookmanagement] [           main] .s.d.r.c.RepositoryConfigurationDelegate : Finished Spring Data repository scanning in 68 ms. Found 6 JPA repository interfaces.
2025-01-06T14:19:56.113+02:00  INFO 13992 --- [bookmanagement] [           main] o.hibernate.jpa.internal.util.LogHelper  : HHH000204: Processing PersistenceUnitInfo [name: default]
2025-01-06T14:19:56.176+02:00  INFO 13992 --- [bookmanagement] [           main] org.hibernate.Version                    : HHH000412: Hibernate ORM core version 6.6.2.Final
2025-01-06T14:19:56.212+02:00  INFO 13992 --- [bookmanagement] [           main] o.h.c.internal.RegionFactoryInitiator    : HHH000026: Second-level cache disabled
2025-01-06T14:19:56.541+02:00  INFO 13992 --- [bookmanagement] [           main] o.s.o.j.p.SpringPersistenceUnitInfo      : No LoadTimeWeaver setup: ignoring JPA class transformer
2025-01-06T14:19:56.577+02:00  INFO 13992 --- [bookmanagement] [           main] com.zaxxer.hikari.HikariDataSource       : HikariPool-1 - Starting...
2025-01-06T14:19:56.856+02:00  INFO 13992 --- [bookmanagement] [           main] com.zaxxer.hikari.pool.HikariPool        : HikariPool-1 - Added connection com.mysql.cj.jdbc.ConnectionImpl@581918f6
2025-01-06T14:19:56.858+02:00  INFO 13992 --- [bookmanagement] [           main] com.zaxxer.hikari.HikariDataSource       : HikariPool-1 - Start completed.
2025-01-06T14:19:56.903+02:00  WARN 13992 --- [bookmanagement] [           main] org.hibernate.orm.deprecation            : HHH90000025: MySQLDialect does not need to be specified explicitly using 'hibernate.dialect' (remove the property setting and it will be selected by default)
2025-01-06T14:19:56.921+02:00  INFO 13992 --- [bookmanagement] [           main] org.hibernate.orm.connections.pooling    : HHH10001005: Database info:
	Database JDBC URL [Connecting through datasource 'HikariDataSource (HikariPool-1)']
	Database driver: undefined/unknown
	Database version: 8.0.33
	Autocommit mode: undefined/unknown
	Isolation level: undefined/unknown
	Minimum pool size: undefined/unknown
	Maximum pool size: undefined/unknown
2025-01-06T14:19:57.782+02:00  INFO 13992 --- [bookmanagement] [           main] o.h.e.t.j.p.i.JtaPlatformInitiator       : HHH000489: No JTA platform available (set 'hibernate.transaction.jta.platform' to enable JTA platform integration)
2025-01-06T14:19:57.852+02:00  INFO 13992 --- [bookmanagement] [           main] j.LocalContainerEntityManagerFactoryBean : Initialized JPA EntityManagerFactory for persistence unit 'default'
2025-01-06T14:19:58.351+02:00  WARN 13992 --- [bookmanagement] [           main] JpaBaseConfiguration$JpaWebConfiguration : spring.jpa.open-in-view is enabled by default. Therefore, database queries may be performed during view rendering. Explicitly configure spring.jpa.open-in-view to disable this warning
2025-01-06T14:19:58.650+02:00  WARN 13992 --- [bookmanagement] [           main] ion$DefaultTemplateResolverConfiguration : Cannot find template location: classpath:/templates/ (please add some templates, check your Thymeleaf configuration, or set spring.thymeleaf.check-template-location=false)
2025-01-06T14:19:58.771+02:00  INFO 13992 --- [bookmanagement] [           main] c.u.b.BookmanagementApplicationTests     : Started BookmanagementApplicationTests in 3.926 seconds (process running for 4.81)
]]></system-out>
    <system-err><![CDATA[WARNING: A Java agent has been loaded dynamically (C:\Users\Ana\.m2\repository\net\bytebuddy\byte-buddy-agent\1.15.10\byte-buddy-agent-1.15.10.jar)
WARNING: If a serviceability tool is in use, please run with -XX:+EnableDynamicAgentLoading to hide this warning
WARNING: If a serviceability tool is not in use, please run with -Djdk.instrument.traceUsage for more information
WARNING: Dynamic loading of agents will be disallowed by default in a future release
]]></system-err>
  </testcase>
</testsuite>